<?xml version="1.0" encoding="UTF-8"?>
<testng-results ignored="0" total="1" passed="1" failed="0" skipped="0">
  <reporter-output>
  </reporter-output>
  <suite started-at="2025-01-07T17:50:36 IST" name="Default suite" finished-at="2025-01-07T17:50:43 IST" duration-ms="6955">
    <groups>
      <group name="cucumber">
        <method signature="AbstractTestNGCucumberTests.runScenario(io.cucumber.testng.PickleWrapper,io.cucumber.testng.FeatureWrapper)[pri:0, instance:framework.cucumber.TestNGTestRunner@e15b7e8]" name="runScenario" class="io.cucumber.testng.AbstractTestNGCucumberTests"/>
      </group> <!-- cucumber -->
    </groups>
    <test started-at="2025-01-07T17:50:36 IST" name="Default test" finished-at="2025-01-07T17:50:43 IST" duration-ms="6955">
      <class name="framework.cucumber.TestNGTestRunner">
        <test-method is-config="true" signature="setUpClass(org.testng.ITestContext)[pri:0, instance:framework.cucumber.TestNGTestRunner@e15b7e8]" started-at="2025-01-07T17:50:36 IST" name="setUpClass" finished-at="2025-01-07T17:50:36 IST" duration-ms="405" status="PASS">
          <params>
            <param index="0">
              <value>
                <![CDATA[org.testng.TestRunner@523d6bdb]]>
              </value>
            </param>
          </params>
          <reporter-output>
          </reporter-output>
        </test-method> <!-- setUpClass -->
        <test-method signature="runScenario(io.cucumber.testng.PickleWrapper,io.cucumber.testng.FeatureWrapper)[pri:0, instance:framework.cucumber.TestNGTestRunner@e15b7e8]" started-at="2025-01-07T17:50:36 IST" name="runScenario" description="Runs Cucumber Scenarios" data-provider="scenarios" finished-at="2025-01-07T17:50:42 IST" duration-ms="6503" status="PASS">
          <params>
            <param index="0">
              <value>
                <![CDATA["Negative test scenerio"]]>
              </value>
            </param>
            <param index="1">
              <value>
                <![CDATA["Error Validation"]]>
              </value>
            </param>
          </params>
          <reporter-output>
          </reporter-output>
        </test-method> <!-- runScenario -->
        <test-method is-config="true" signature="tearDownClass()[pri:0, instance:framework.cucumber.TestNGTestRunner@e15b7e8]" started-at="2025-01-07T17:50:42 IST" name="tearDownClass" finished-at="2025-01-07T17:50:43 IST" duration-ms="22" status="PASS">
          <reporter-output>
          </reporter-output>
        </test-method> <!-- tearDownClass -->
      </class> <!-- framework.cucumber.TestNGTestRunner -->
    </test> <!-- Default test -->
  </suite> <!-- Default suite -->
</testng-results>
